<?xml version="1.0" encoding="UTF-8"?>
<coverage generated="1692070838742" clover="3.2.0">
  <project timestamp="1692070838742" name="All files">
    <metrics statements="95" coveredstatements="95" conditionals="39" coveredconditionals="38" methods="15" coveredmethods="15" elements="149" coveredelements="148" complexity="0" loc="95" ncloc="95" packages="2" files="5" classes="5"/>
    <package name="elevate-package-validator">
      <metrics statements="53" coveredstatements="53" conditionals="6" coveredconditionals="6" methods="11" coveredmethods="11"/>
      <file name="exceptions.js" path="/home/joffin/workspace/open/work/shikshalokam/ELEVATE/npm/elevate-package-validator/exceptions.js">
        <metrics statements="24" coveredstatements="24" conditionals="0" coveredconditionals="0" methods="10" coveredmethods="10"/>
        <line num="1" count="2" type="stmt"/>
        <line num="2" count="33" type="stmt"/>
        <line num="3" count="33" type="stmt"/>
        <line num="4" count="33" type="stmt"/>
        <line num="7" count="2" type="stmt"/>
        <line num="8" count="3" type="stmt"/>
        <line num="16" count="2" type="stmt"/>
        <line num="17" count="3" type="stmt"/>
        <line num="25" count="2" type="stmt"/>
        <line num="26" count="3" type="stmt"/>
        <line num="29" count="2" type="stmt"/>
        <line num="30" count="3" type="stmt"/>
        <line num="33" count="2" type="stmt"/>
        <line num="34" count="3" type="stmt"/>
        <line num="43" count="2" type="stmt"/>
        <line num="44" count="3" type="stmt"/>
        <line num="49" count="2" type="stmt"/>
        <line num="50" count="3" type="stmt"/>
        <line num="56" count="2" type="stmt"/>
        <line num="57" count="6" type="stmt"/>
        <line num="66" count="2" type="stmt"/>
        <line num="67" count="6" type="stmt"/>
        <line num="77" count="2" type="stmt"/>
        <line num="90" count="2" type="stmt"/>
      </file>
      <file name="index.js" path="/home/joffin/workspace/open/work/shikshalokam/ELEVATE/npm/elevate-package-validator/index.js">
        <metrics statements="29" coveredstatements="29" conditionals="6" coveredconditionals="6" methods="1" coveredmethods="1"/>
        <line num="1" count="1" type="stmt"/>
        <line num="2" count="1" type="stmt"/>
        <line num="3" count="1" type="stmt"/>
        <line num="5" count="1" type="stmt"/>
        <line num="6" count="12" type="stmt"/>
        <line num="7" count="12" type="stmt"/>
        <line num="8" count="12" type="stmt"/>
        <line num="9" count="12" type="stmt"/>
        <line num="10" count="12" type="stmt"/>
        <line num="11" count="12" type="stmt"/>
        <line num="12" count="12" type="stmt"/>
        <line num="13" count="12" type="stmt"/>
        <line num="14" count="12" type="cond" truecount="2" falsecount="0"/>
        <line num="15" count="2" type="stmt"/>
        <line num="16" count="10" type="stmt"/>
        <line num="17" count="10" type="stmt"/>
        <line num="24" count="4" type="stmt"/>
        <line num="25" count="4" type="stmt"/>
        <line num="26" count="4" type="stmt"/>
        <line num="29" count="4" type="cond" truecount="2" falsecount="0"/>
        <line num="30" count="1" type="stmt"/>
        <line num="31" count="1" type="stmt"/>
        <line num="33" count="4" type="cond" truecount="2" falsecount="0"/>
        <line num="34" count="2" type="stmt"/>
        <line num="35" count="2" type="stmt"/>
        <line num="36" count="2" type="stmt"/>
        <line num="38" count="2" type="stmt"/>
        <line num="46" count="1" type="stmt"/>
        <line num="50" count="1" type="stmt"/>
      </file>
    </package>
    <package name="elevate-package-validator.utils">
      <metrics statements="42" coveredstatements="42" conditionals="33" coveredconditionals="32" methods="4" coveredmethods="4"/>
      <file name="checkForMissingRoutes.js" path="/home/joffin/workspace/open/work/shikshalokam/ELEVATE/npm/elevate-package-validator/utils/checkForMissingRoutes.js">
        <metrics statements="16" coveredstatements="16" conditionals="8" coveredconditionals="8" methods="1" coveredmethods="1"/>
        <line num="1" count="1" type="stmt"/>
        <line num="2" count="1" type="stmt"/>
        <line num="4" count="1" type="stmt"/>
        <line num="5" count="10" type="stmt"/>
        <line num="6" count="10" type="stmt"/>
        <line num="7" count="10" type="stmt"/>
        <line num="8" count="6" type="stmt"/>
        <line num="9" count="10" type="stmt"/>
        <line num="10" count="10" type="stmt"/>
        <line num="11" count="10" type="stmt"/>
        <line num="12" count="10" type="cond" truecount="4" falsecount="0"/>
        <line num="13" count="5" type="stmt"/>
        <line num="14" count="5" type="cond" truecount="2" falsecount="0"/>
        <line num="15" count="3" type="cond" truecount="2" falsecount="0"/>
        <line num="17" count="2" type="stmt"/>
        <line num="25" count="4" type="stmt"/>
      </file>
      <file name="expectedRoutesValidator.js" path="/home/joffin/workspace/open/work/shikshalokam/ELEVATE/npm/elevate-package-validator/utils/expectedRoutesValidator.js">
        <metrics statements="15" coveredstatements="15" conditionals="21" coveredconditionals="20" methods="1" coveredmethods="1"/>
        <line num="1" count="2" type="stmt"/>
        <line num="3" count="2" type="stmt"/>
        <line num="4" count="24" type="cond" truecount="4" falsecount="0"/>
        <line num="5" count="2" type="stmt"/>
        <line num="7" count="22" type="stmt"/>
        <line num="8" count="22" type="cond" truecount="1" falsecount="1"/>
        <line num="10" count="22" type="stmt"/>
        <line num="11" count="22" type="cond" truecount="4" falsecount="0"/>
        <line num="12" count="2" type="stmt"/>
        <line num="14" count="20" type="stmt"/>
        <line num="15" count="30" type="cond" truecount="2" falsecount="0"/>
        <line num="21" count="4" type="stmt"/>
        <line num="24" count="26" type="stmt"/>
        <line num="25" count="26" type="cond" truecount="5" falsecount="0"/>
        <line num="26" count="4" type="stmt"/>
      </file>
      <file name="getRouteMap.js" path="/home/joffin/workspace/open/work/shikshalokam/ELEVATE/npm/elevate-package-validator/utils/getRouteMap.js">
        <metrics statements="11" coveredstatements="11" conditionals="4" coveredconditionals="4" methods="2" coveredmethods="2"/>
        <line num="1" count="1" type="stmt"/>
        <line num="3" count="1" type="stmt"/>
        <line num="4" count="10" type="stmt"/>
        <line num="5" count="10" type="stmt"/>
        <line num="6" count="15" type="cond" truecount="2" falsecount="0"/>
        <line num="7" count="2" type="stmt"/>
        <line num="12" count="13" type="stmt"/>
        <line num="16" count="13" type="cond" truecount="2" falsecount="0"/>
        <line num="17" count="2" type="stmt"/>
        <line num="23" count="11" type="stmt"/>
        <line num="28" count="6" type="stmt"/>
      </file>
    </package>
  </project>
</coverage>
