{"/home/joffin/workspace/open/work/shikshalokam/ELEVATE/npm/elevate-package-validator/exceptions.js": {"path":"/home/joffin/workspace/open/work/shikshalokam/ELEVATE/npm/elevate-package-validator/exceptions.js","statementMap":{"0":{"start":{"line":1,"column":20},"end":{"line":5,"column":1}},"1":{"start":{"line":2,"column":15},"end":{"line":2,"column":38}},"2":{"start":{"line":3,"column":1},"end":{"line":3,"column":25}},"3":{"start":{"line":4,"column":1},"end":{"line":4,"column":14}},"4":{"start":{"line":7,"column":45},"end":{"line":14,"column":1}},"5":{"start":{"line":8,"column":1},"end":{"line":13,"column":4}},"6":{"start":{"line":16,"column":39},"end":{"line":23,"column":1}},"7":{"start":{"line":17,"column":1},"end":{"line":22,"column":4}},"8":{"start":{"line":25,"column":46},"end":{"line":27,"column":1}},"9":{"start":{"line":26,"column":1},"end":{"line":26,"column":100}},"10":{"start":{"line":29,"column":45},"end":{"line":31,"column":1}},"11":{"start":{"line":30,"column":1},"end":{"line":30,"column":106}},"12":{"start":{"line":33,"column":43},"end":{"line":41,"column":1}},"13":{"start":{"line":34,"column":1},"end":{"line":40,"column":4}},"14":{"start":{"line":43,"column":45},"end":{"line":47,"column":1}},"15":{"start":{"line":44,"column":1},"end":{"line":46,"column":4}},"16":{"start":{"line":49,"column":40},"end":{"line":54,"column":1}},"17":{"start":{"line":50,"column":1},"end":{"line":53,"column":4}},"18":{"start":{"line":56,"column":42},"end":{"line":64,"column":1}},"19":{"start":{"line":57,"column":1},"end":{"line":63,"column":3}},"20":{"start":{"line":66,"column":45},"end":{"line":75,"column":1}},"21":{"start":{"line":67,"column":1},"end":{"line":74,"column":3}},"22":{"start":{"line":77,"column":26},"end":{"line":88,"column":1}},"23":{"start":{"line":90,"column":0},"end":{"line":90,"column":35}}},"fnMap":{"0":{"name":"(anonymous_0)","decl":{"start":{"line":1,"column":20},"end":{"line":1,"column":21}},"loc":{"start":{"line":1,"column":47},"end":{"line":5,"column":1}},"line":1},"1":{"name":"(anonymous_1)","decl":{"start":{"line":7,"column":45},"end":{"line":7,"column":46}},"loc":{"start":{"line":7,"column":90},"end":{"line":14,"column":1}},"line":7},"2":{"name":"(anonymous_2)","decl":{"start":{"line":16,"column":39},"end":{"line":16,"column":40}},"loc":{"start":{"line":16,"column":88},"end":{"line":23,"column":1}},"line":16},"3":{"name":"(anonymous_3)","decl":{"start":{"line":25,"column":46},"end":{"line":25,"column":47}},"loc":{"start":{"line":25,"column":78},"end":{"line":27,"column":1}},"line":25},"4":{"name":"(anonymous_4)","decl":{"start":{"line":29,"column":45},"end":{"line":29,"column":46}},"loc":{"start":{"line":29,"column":68},"end":{"line":31,"column":1}},"line":29},"5":{"name":"(anonymous_5)","decl":{"start":{"line":33,"column":43},"end":{"line":33,"column":44}},"loc":{"start":{"line":33,"column":105},"end":{"line":41,"column":1}},"line":33},"6":{"name":"(anonymous_6)","decl":{"start":{"line":43,"column":45},"end":{"line":43,"column":46}},"loc":{"start":{"line":43,"column":51},"end":{"line":47,"column":1}},"line":43},"7":{"name":"(anonymous_7)","decl":{"start":{"line":49,"column":40},"end":{"line":49,"column":41}},"loc":{"start":{"line":49,"column":61},"end":{"line":54,"column":1}},"line":49},"8":{"name":"(anonymous_8)","decl":{"start":{"line":56,"column":42},"end":{"line":56,"column":43}},"loc":{"start":{"line":56,"column":63},"end":{"line":64,"column":1}},"line":56},"9":{"name":"(anonymous_9)","decl":{"start":{"line":66,"column":45},"end":{"line":66,"column":46}},"loc":{"start":{"line":66,"column":73},"end":{"line":75,"column":1}},"line":66}},"branchMap":{},"s":{"0":2,"1":33,"2":33,"3":33,"4":2,"5":3,"6":2,"7":3,"8":2,"9":3,"10":2,"11":3,"12":2,"13":3,"14":2,"15":3,"16":2,"17":3,"18":2,"19":6,"20":2,"21":6,"22":2,"23":2},"f":{"0":33,"1":3,"2":3,"3":3,"4":3,"5":3,"6":3,"7":3,"8":6,"9":6},"b":{},"_coverageSchema":"1a1c01bbd47fc00a2c39e90264f33305004495a9","hash":"b0af46c9174ad6764c573f25d5bf63ba4f8c46dc"}
,"/home/joffin/workspace/open/work/shikshalokam/ELEVATE/npm/elevate-package-validator/index.js": {"path":"/home/joffin/workspace/open/work/shikshalokam/ELEVATE/npm/elevate-package-validator/index.js","statementMap":{"0":{"start":{"line":1,"column":26},"end":{"line":1,"column":49}},"1":{"start":{"line":2,"column":34},"end":{"line":2,"column":74}},"2":{"start":{"line":3,"column":36},"end":{"line":3,"column":78}},"3":{"start":{"line":5,"column":25},"end":{"line":44,"column":1}},"4":{"start":{"line":6,"column":1},"end":{"line":6,"column":44}},"5":{"start":{"line":7,"column":29},"end":{"line":7,"column":31}},"6":{"start":{"line":8,"column":28},"end":{"line":8,"column":30}},"7":{"start":{"line":9,"column":27},"end":{"line":9,"column":29}},"8":{"start":{"line":10,"column":32},"end":{"line":10,"column":36}},"9":{"start":{"line":11,"column":1},"end":{"line":27,"column":2}},"10":{"start":{"line":12,"column":43},"end":{"line":12,"column":66}},"11":{"start":{"line":13,"column":24},"end":{"line":13,"column":42}},"12":{"start":{"line":14,"column":2},"end":{"line":15,"column":110}},"13":{"start":{"line":15,"column":3},"end":{"line":15,"column":110}},"14":{"start":{"line":16,"column":25},"end":{"line":16,"column":59}},"15":{"start":{"line":17,"column":46},"end":{"line":23,"column":3}},"16":{"start":{"line":24,"column":2},"end":{"line":24,"column":47}},"17":{"start":{"line":25,"column":2},"end":{"line":25,"column":45}},"18":{"start":{"line":26,"column":2},"end":{"line":26,"column":59}},"19":{"start":{"line":29,"column":1},"end":{"line":32,"column":2}},"20":{"start":{"line":30,"column":2},"end":{"line":30,"column":62}},"21":{"start":{"line":31,"column":2},"end":{"line":31,"column":36}},"22":{"start":{"line":33,"column":1},"end":{"line":37,"column":2}},"23":{"start":{"line":34,"column":2},"end":{"line":34,"column":63}},"24":{"start":{"line":35,"column":2},"end":{"line":35,"column":37}},"25":{"start":{"line":36,"column":2},"end":{"line":36,"column":103}},"26":{"start":{"line":38,"column":1},"end":{"line":43,"column":3}},"27":{"start":{"line":46,"column":25},"end":{"line":48,"column":1}},"28":{"start":{"line":50,"column":0},"end":{"line":50,"column":34}}},"fnMap":{"0":{"name":"(anonymous_0)","decl":{"start":{"line":5,"column":25},"end":{"line":5,"column":26}},"loc":{"start":{"line":5,"column":64},"end":{"line":44,"column":1}},"line":5}},"branchMap":{"0":{"loc":{"start":{"line":14,"column":2},"end":{"line":15,"column":110}},"type":"if","locations":[{"start":{"line":14,"column":2},"end":{"line":15,"column":110}},{"start":{},"end":{}}],"line":14},"1":{"loc":{"start":{"line":29,"column":1},"end":{"line":32,"column":2}},"type":"if","locations":[{"start":{"line":29,"column":1},"end":{"line":32,"column":2}},{"start":{},"end":{}}],"line":29},"2":{"loc":{"start":{"line":33,"column":1},"end":{"line":37,"column":2}},"type":"if","locations":[{"start":{"line":33,"column":1},"end":{"line":37,"column":2}},{"start":{},"end":{}}],"line":33}},"s":{"0":1,"1":1,"2":1,"3":1,"4":12,"5":12,"6":12,"7":12,"8":12,"9":12,"10":12,"11":12,"12":12,"13":2,"14":10,"15":10,"16":4,"17":4,"18":4,"19":4,"20":1,"21":1,"22":4,"23":2,"24":2,"25":2,"26":2,"27":1,"28":1},"f":{"0":12},"b":{"0":[2,10],"1":[1,3],"2":[2,2]},"_coverageSchema":"1a1c01bbd47fc00a2c39e90264f33305004495a9","hash":"8b6443336136a173622891e9a0b067eb7dafda73"}
,"/home/joffin/workspace/open/work/shikshalokam/ELEVATE/npm/elevate-package-validator/utils/checkForMissingRoutes.js": {"path":"/home/joffin/workspace/open/work/shikshalokam/ELEVATE/npm/elevate-package-validator/utils/checkForMissingRoutes.js","statementMap":{"0":{"start":{"line":1,"column":24},"end":{"line":1,"column":48}},"1":{"start":{"line":2,"column":26},"end":{"line":2,"column":50}},"2":{"start":{"line":4,"column":0},"end":{"line":26,"column":2}},"3":{"start":{"line":5,"column":25},"end":{"line":5,"column":27}},"4":{"start":{"line":6,"column":24},"end":{"line":6,"column":26}},"5":{"start":{"line":7,"column":18},"end":{"line":7,"column":94}},"6":{"start":{"line":8,"column":1},"end":{"line":24,"column":2}},"7":{"start":{"line":9,"column":16},"end":{"line":9,"column":33}},"8":{"start":{"line":10,"column":2},"end":{"line":23,"column":3}},"9":{"start":{"line":11,"column":30},"end":{"line":11,"column":42}},"10":{"start":{"line":12,"column":3},"end":{"line":22,"column":4}},"11":{"start":{"line":13,"column":29},"end":{"line":13,"column":84}},"12":{"start":{"line":14,"column":4},"end":{"line":21,"column":8}},"13":{"start":{"line":14,"column":33},"end":{"line":14,"column":72}},"14":{"start":{"line":15,"column":9},"end":{"line":21,"column":8}},"15":{"start":{"line":15,"column":37},"end":{"line":15,"column":75}},"16":{"start":{"line":17,"column":5},"end":{"line":21,"column":8}},"17":{"start":{"line":25,"column":1},"end":{"line":25,"column":44}}},"fnMap":{"0":{"name":"(anonymous_0)","decl":{"start":{"line":4,"column":32},"end":{"line":4,"column":33}},"loc":{"start":{"line":4,"column":117},"end":{"line":26,"column":1}},"line":4}},"branchMap":{"0":{"loc":{"start":{"line":12,"column":3},"end":{"line":22,"column":4}},"type":"if","locations":[{"start":{"line":12,"column":3},"end":{"line":22,"column":4}},{"start":{},"end":{}}],"line":12},"1":{"loc":{"start":{"line":12,"column":7},"end":{"line":12,"column":61}},"type":"binary-expr","locations":[{"start":{"line":12,"column":7},"end":{"line":12,"column":27}},{"start":{"line":12,"column":31},"end":{"line":12,"column":61}}],"line":12},"2":{"loc":{"start":{"line":14,"column":4},"end":{"line":21,"column":8}},"type":"if","locations":[{"start":{"line":14,"column":4},"end":{"line":21,"column":8}},{"start":{"line":15,"column":9},"end":{"line":21,"column":8}}],"line":14},"3":{"loc":{"start":{"line":15,"column":9},"end":{"line":21,"column":8}},"type":"if","locations":[{"start":{"line":15,"column":9},"end":{"line":21,"column":8}},{"start":{"line":17,"column":5},"end":{"line":21,"column":8}}],"line":15}},"s":{"0":1,"1":1,"2":1,"3":10,"4":10,"5":10,"6":6,"7":10,"8":10,"9":10,"10":10,"11":5,"12":5,"13":2,"14":3,"15":1,"16":2,"17":4},"f":{"0":10},"b":{"0":[5,5],"1":[10,5],"2":[2,3],"3":[1,2]},"_coverageSchema":"1a1c01bbd47fc00a2c39e90264f33305004495a9","hash":"2d467c10a1e31513e4ce2926f06761dcdb75b3a3"}
,"/home/joffin/workspace/open/work/shikshalokam/ELEVATE/npm/elevate-package-validator/utils/expectedRoutesValidator.js": {"path":"/home/joffin/workspace/open/work/shikshalokam/ELEVATE/npm/elevate-package-validator/utils/expectedRoutesValidator.js","statementMap":{"0":{"start":{"line":1,"column":26},"end":{"line":1,"column":50}},"1":{"start":{"line":3,"column":0},"end":{"line":31,"column":2}},"2":{"start":{"line":4,"column":1},"end":{"line":5,"column":65}},"3":{"start":{"line":5,"column":2},"end":{"line":5,"column":65}},"4":{"start":{"line":7,"column":1},"end":{"line":30,"column":2}},"5":{"start":{"line":8,"column":2},"end":{"line":8,"column":64}},"6":{"start":{"line":8,"column":55},"end":{"line":8,"column":64}},"7":{"start":{"line":10,"column":17},"end":{"line":10,"column":48}},"8":{"start":{"line":11,"column":2},"end":{"line":12,"column":76}},"9":{"start":{"line":12,"column":3},"end":{"line":12,"column":76}},"10":{"start":{"line":14,"column":2},"end":{"line":29,"column":3}},"11":{"start":{"line":15,"column":3},"end":{"line":22,"column":4}},"12":{"start":{"line":21,"column":4},"end":{"line":21,"column":79}},"13":{"start":{"line":24,"column":3},"end":{"line":28,"column":4}},"14":{"start":{"line":25,"column":4},"end":{"line":27,"column":5}},"15":{"start":{"line":26,"column":5},"end":{"line":26,"column":102}}},"fnMap":{"0":{"name":"(anonymous_0)","decl":{"start":{"line":3,"column":34},"end":{"line":3,"column":35}},"loc":{"start":{"line":3,"column":54},"end":{"line":31,"column":1}},"line":3}},"branchMap":{"0":{"loc":{"start":{"line":4,"column":1},"end":{"line":5,"column":65}},"type":"if","locations":[{"start":{"line":4,"column":1},"end":{"line":5,"column":65}},{"start":{},"end":{}}],"line":4},"1":{"loc":{"start":{"line":4,"column":5},"end":{"line":4,"column":66}},"type":"binary-expr","locations":[{"start":{"line":4,"column":5},"end":{"line":4,"column":39}},{"start":{"line":4,"column":43},"end":{"line":4,"column":66}}],"line":4},"2":{"loc":{"start":{"line":8,"column":2},"end":{"line":8,"column":64}},"type":"if","locations":[{"start":{"line":8,"column":2},"end":{"line":8,"column":64}},{"start":{},"end":{}}],"line":8},"3":{"loc":{"start":{"line":11,"column":2},"end":{"line":12,"column":76}},"type":"if","locations":[{"start":{"line":11,"column":2},"end":{"line":12,"column":76}},{"start":{},"end":{}}],"line":11},"4":{"loc":{"start":{"line":11,"column":6},"end":{"line":11,"column":51}},"type":"binary-expr","locations":[{"start":{"line":11,"column":6},"end":{"line":11,"column":28}},{"start":{"line":11,"column":32},"end":{"line":11,"column":51}}],"line":11},"5":{"loc":{"start":{"line":15,"column":3},"end":{"line":22,"column":4}},"type":"if","locations":[{"start":{"line":15,"column":3},"end":{"line":22,"column":4}},{"start":{},"end":{}}],"line":15},"6":{"loc":{"start":{"line":16,"column":4},"end":{"line":19,"column":35}},"type":"binary-expr","locations":[{"start":{"line":16,"column":4},"end":{"line":16,"column":35}},{"start":{"line":17,"column":4},"end":{"line":17,"column":22}},{"start":{"line":18,"column":4},"end":{"line":18,"column":38}},{"start":{"line":19,"column":4},"end":{"line":19,"column":35}}],"line":16},"7":{"loc":{"start":{"line":25,"column":4},"end":{"line":27,"column":5}},"type":"if","locations":[{"start":{"line":25,"column":4},"end":{"line":27,"column":5}},{"start":{},"end":{}}],"line":25},"8":{"loc":{"start":{"line":25,"column":8},"end":{"line":25,"column":88}},"type":"binary-expr","locations":[{"start":{"line":25,"column":8},"end":{"line":25,"column":40}},{"start":{"line":25,"column":44},"end":{"line":25,"column":62}},{"start":{"line":25,"column":66},"end":{"line":25,"column":88}}],"line":25}},"s":{"0":2,"1":2,"2":24,"3":2,"4":22,"5":22,"6":0,"7":22,"8":22,"9":2,"10":20,"11":30,"12":4,"13":26,"14":26,"15":4},"f":{"0":24},"b":{"0":[2,22],"1":[24,22],"2":[0,22],"3":[2,20],"4":[22,22],"5":[4,26],"6":[30,30,28,28],"7":[4,22],"8":[26,26,24]},"_coverageSchema":"1a1c01bbd47fc00a2c39e90264f33305004495a9","hash":"603e0c3e01dfd97d27c7d678c32e56013500c198"}
,"/home/joffin/workspace/open/work/shikshalokam/ELEVATE/npm/elevate-package-validator/utils/getRouteMap.js": {"path":"/home/joffin/workspace/open/work/shikshalokam/ELEVATE/npm/elevate-package-validator/utils/getRouteMap.js","statementMap":{"0":{"start":{"line":1,"column":26},"end":{"line":1,"column":50}},"1":{"start":{"line":3,"column":0},"end":{"line":29,"column":2}},"2":{"start":{"line":4,"column":18},"end":{"line":4,"column":27}},"3":{"start":{"line":5,"column":1},"end":{"line":27,"column":2}},"4":{"start":{"line":6,"column":2},"end":{"line":11,"column":6}},"5":{"start":{"line":7,"column":3},"end":{"line":11,"column":6}},"6":{"start":{"line":12,"column":2},"end":{"line":26,"column":4}},"7":{"start":{"line":16,"column":5},"end":{"line":22,"column":9}},"8":{"start":{"line":17,"column":6},"end":{"line":22,"column":9}},"9":{"start":{"line":23,"column":5},"end":{"line":23,"column":28}},"10":{"start":{"line":28,"column":1},"end":{"line":28,"column":17}}},"fnMap":{"0":{"name":"(anonymous_0)","decl":{"start":{"line":3,"column":22},"end":{"line":3,"column":23}},"loc":{"start":{"line":3,"column":91},"end":{"line":29,"column":1}},"line":3},"1":{"name":"(anonymous_1)","decl":{"start":{"line":15,"column":27},"end":{"line":15,"column":28}},"loc":{"start":{"line":15,"column":43},"end":{"line":24,"column":5}},"line":15}},"branchMap":{"0":{"loc":{"start":{"line":6,"column":2},"end":{"line":11,"column":6}},"type":"if","locations":[{"start":{"line":6,"column":2},"end":{"line":11,"column":6}},{"start":{},"end":{}}],"line":6},"1":{"loc":{"start":{"line":16,"column":5},"end":{"line":22,"column":9}},"type":"if","locations":[{"start":{"line":16,"column":5},"end":{"line":22,"column":9}},{"start":{},"end":{}}],"line":16}},"s":{"0":1,"1":1,"2":10,"3":10,"4":15,"5":2,"6":13,"7":13,"8":2,"9":11,"10":6},"f":{"0":10,"1":13},"b":{"0":[2,13],"1":[2,11]},"_coverageSchema":"1a1c01bbd47fc00a2c39e90264f33305004495a9","hash":"d376878be172aa210c6b51429b9700bb7e15f011"}
}
