TN:
SF:exceptions.js
FN:1,(anonymous_0)
FN:7,(anonymous_1)
FN:16,(anonymous_2)
FN:25,(anonymous_3)
FN:29,(anonymous_4)
FN:33,(anonymous_5)
FN:43,(anonymous_6)
FN:49,(anonymous_7)
FN:56,(anonymous_8)
FN:66,(anonymous_9)
FNF:10
FNH:10
FNDA:33,(anonymous_0)
FNDA:3,(anonymous_1)
FNDA:3,(anonymous_2)
FNDA:3,(anonymous_3)
FNDA:3,(anonymous_4)
FNDA:3,(anonymous_5)
FNDA:3,(anonymous_6)
FNDA:3,(anonymous_7)
FNDA:6,(anonymous_8)
FNDA:6,(anonymous_9)
DA:1,2
DA:2,33
DA:3,33
DA:4,33
DA:7,2
DA:8,3
DA:16,2
DA:17,3
DA:25,2
DA:26,3
DA:29,2
DA:30,3
DA:33,2
DA:34,3
DA:43,2
DA:44,3
DA:49,2
DA:50,3
DA:56,2
DA:57,6
DA:66,2
DA:67,6
DA:77,2
DA:90,2
LF:24
LH:24
BRF:0
BRH:0
end_of_record
TN:
SF:index.js
FN:5,(anonymous_0)
FNF:1
FNH:1
FNDA:12,(anonymous_0)
DA:1,1
DA:2,1
DA:3,1
DA:5,1
DA:6,12
DA:7,12
DA:8,12
DA:9,12
DA:10,12
DA:11,12
DA:12,12
DA:13,12
DA:14,12
DA:15,2
DA:16,10
DA:17,10
DA:24,4
DA:25,4
DA:26,4
DA:29,4
DA:30,1
DA:31,1
DA:33,4
DA:34,2
DA:35,2
DA:36,2
DA:38,2
DA:46,1
DA:50,1
LF:29
LH:29
BRDA:14,0,0,2
BRDA:14,0,1,10
BRDA:29,1,0,1
BRDA:29,1,1,3
BRDA:33,2,0,2
BRDA:33,2,1,2
BRF:6
BRH:6
end_of_record
TN:
SF:utils/checkForMissingRoutes.js
FN:4,(anonymous_0)
FNF:1
FNH:1
FNDA:10,(anonymous_0)
DA:1,1
DA:2,1
DA:4,1
DA:5,10
DA:6,10
DA:7,10
DA:8,6
DA:9,10
DA:10,10
DA:11,10
DA:12,10
DA:13,5
DA:14,5
DA:15,3
DA:17,2
DA:25,4
LF:16
LH:16
BRDA:12,0,0,5
BRDA:12,0,1,5
BRDA:12,1,0,10
BRDA:12,1,1,5
BRDA:14,2,0,2
BRDA:14,2,1,3
BRDA:15,3,0,1
BRDA:15,3,1,2
BRF:8
BRH:8
end_of_record
TN:
SF:utils/expectedRoutesValidator.js
FN:3,(anonymous_0)
FNF:1
FNH:1
FNDA:24,(anonymous_0)
DA:1,2
DA:3,2
DA:4,24
DA:5,2
DA:7,22
DA:8,22
DA:10,22
DA:11,22
DA:12,2
DA:14,20
DA:15,30
DA:21,4
DA:24,26
DA:25,26
DA:26,4
LF:15
LH:15
BRDA:4,0,0,2
BRDA:4,0,1,22
BRDA:4,1,0,24
BRDA:4,1,1,22
BRDA:8,2,0,0
BRDA:8,2,1,22
BRDA:11,3,0,2
BRDA:11,3,1,20
BRDA:11,4,0,22
BRDA:11,4,1,22
BRDA:15,5,0,4
BRDA:15,5,1,26
BRDA:16,6,0,30
BRDA:16,6,1,30
BRDA:16,6,2,28
BRDA:16,6,3,28
BRDA:25,7,0,4
BRDA:25,7,1,22
BRDA:25,8,0,26
BRDA:25,8,1,26
BRDA:25,8,2,24
BRF:21
BRH:20
end_of_record
TN:
SF:utils/getRouteMap.js
FN:3,(anonymous_0)
FN:15,(anonymous_1)
FNF:2
FNH:2
FNDA:10,(anonymous_0)
FNDA:13,(anonymous_1)
DA:1,1
DA:3,1
DA:4,10
DA:5,10
DA:6,15
DA:7,2
DA:12,13
DA:16,13
DA:17,2
DA:23,11
DA:28,6
LF:11
LH:11
BRDA:6,0,0,2
BRDA:6,0,1,13
BRDA:16,1,0,2
BRDA:16,1,1,11
BRF:4
BRH:4
end_of_record
